{
  "stats": {
    "suites": 1,
    "tests": 8,
    "passes": 8,
    "pending": 0,
    "failures": 0,
    "start": "2021-12-14T17:27:15.945Z",
    "end": "2021-12-14T17:27:24.396Z",
    "duration": 8451,
    "testsRegistered": 8,
    "passPercent": 100,
    "pendingPercent": 0,
    "other": 0,
    "hasOther": false,
    "skipped": 0,
    "hasSkipped": false
  },
  "results": [
    {
      "uuid": "15a69973-b2bd-4ffd-b367-40d0a2964bfc",
      "title": "",
      "fullFile": "cypress/tests/ui-cadastro.spec.js",
      "file": "cypress/tests/ui-cadastro.spec.js",
      "beforeHooks": [],
      "afterHooks": [],
      "tests": [],
      "suites": [
        {
          "uuid": "ea7c0c6d-0cf2-46ce-a98e-bb4e31f70bef",
          "title": "Validar cenário de login",
          "fullFile": "",
          "file": "",
          "beforeHooks": [],
          "afterHooks": [],
          "tests": [
            {
              "title": "Clicar no botão Sign in com os campos vazios",
              "fullTitle": "Validar cenário de login Clicar no botão Sign in com os campos vazios",
              "timedOut": null,
              "duration": 976,
              "state": "passed",
              "speed": "slow",
              "pass": true,
              "fail": false,
              "pending": false,
              "context": null,
              "code": "cy.intercept({\n  method: \"POST\",\n  path: \"/api/users\"\n}, {\n  statusCode: 422,\n  fixture: \"cadastro-usuario-sem-dados\"\n}).as(\"postUsers\");\n_articles.default.tentarCriarContaComDadosVazio;",
              "err": {},
              "uuid": "139e3bb1-efa5-4c3f-b6a3-5bf846cf52b7",
              "parentUUID": "ea7c0c6d-0cf2-46ce-a98e-bb4e31f70bef",
              "isHook": false,
              "skipped": false
            },
            {
              "title": "Preencher o campo Nome e clicar no botão Sign in",
              "fullTitle": "Validar cenário de login Preencher o campo Nome e clicar no botão Sign in",
              "timedOut": null,
              "duration": 652,
              "state": "passed",
              "speed": "slow",
              "pass": true,
              "fail": false,
              "pending": false,
              "context": null,
              "code": "cy.intercept({\n  method: \"POST\",\n  path: \"/api/users\"\n}, {\n  statusCode: 422,\n  fixture: \"cadastro-usuario-sem-dados\"\n}).as(\"postUsers\");\n_articles.default.tentarCriarContaApenasComNome();",
              "err": {},
              "uuid": "44e5389c-a48d-4b48-bc12-a5c4a7884c5d",
              "parentUUID": "ea7c0c6d-0cf2-46ce-a98e-bb4e31f70bef",
              "isHook": false,
              "skipped": false
            },
            {
              "title": "Preencher o campo Email e clicar no botão Sign in",
              "fullTitle": "Validar cenário de login Preencher o campo Email e clicar no botão Sign in",
              "timedOut": null,
              "duration": 630,
              "state": "passed",
              "speed": "slow",
              "pass": true,
              "fail": false,
              "pending": false,
              "context": null,
              "code": "cy.intercept({\n  method: \"POST\",\n  path: \"/api/users\"\n}, {\n  statusCode: 422,\n  fixture: \"cadastro-usuario-sem-dados\"\n}).as(\"postUsers\");\n_articles.default.preencherCampoEmail();",
              "err": {},
              "uuid": "a6affc8d-2d18-4e23-bf80-b1749257a43f",
              "parentUUID": "ea7c0c6d-0cf2-46ce-a98e-bb4e31f70bef",
              "isHook": false,
              "skipped": false
            },
            {
              "title": "Preencher com usuário já cadastrado",
              "fullTitle": "Validar cenário de login Preencher com usuário já cadastrado",
              "timedOut": null,
              "duration": 1050,
              "state": "passed",
              "speed": "slow",
              "pass": true,
              "fail": false,
              "pending": false,
              "context": null,
              "code": "cy.intercept({\n  method: \"POST\",\n  path: \"/api/users\"\n}, {\n  statusCode: 422,\n  fixture: \"cadastro-usuario-existente\"\n}).as(\"postUsers\");\n_articles.default.tentarCriarContaUsuarioExistente();",
              "err": {},
              "uuid": "2875670a-4fb4-4b88-97fa-9e28e116e936",
              "parentUUID": "ea7c0c6d-0cf2-46ce-a98e-bb4e31f70bef",
              "isHook": false,
              "skipped": false
            },
            {
              "title": "Preencher com email já cadastrado",
              "fullTitle": "Validar cenário de login Preencher com email já cadastrado",
              "timedOut": null,
              "duration": 1101,
              "state": "passed",
              "speed": "slow",
              "pass": true,
              "fail": false,
              "pending": false,
              "context": null,
              "code": "cy.intercept({\n  method: \"POST\",\n  path: \"/api/users\"\n}, {\n  statusCode: 422,\n  fixture: \"cadastro-email-existente\"\n}).as(\"postUsers\");\n_articles.default.tentarCriarContaEmailExistente();",
              "err": {},
              "uuid": "f11d37db-2b84-4fa9-93eb-9745f800a65f",
              "parentUUID": "ea7c0c6d-0cf2-46ce-a98e-bb4e31f70bef",
              "isHook": false,
              "skipped": false
            },
            {
              "title": "Preencher com email e usuário já cadastrado",
              "fullTitle": "Validar cenário de login Preencher com email e usuário já cadastrado",
              "timedOut": null,
              "duration": 1071,
              "state": "passed",
              "speed": "slow",
              "pass": true,
              "fail": false,
              "pending": false,
              "context": null,
              "code": "cy.intercept({\n  method: \"POST\",\n  path: \"/api/users\"\n}, {\n  statusCode: 422,\n  fixture: \"cadastro-email-usuario-existente\"\n}).as(\"postUsers\");\n_articles.default.tentarCriarContaEmaiusuarioCadastrado();",
              "err": {},
              "uuid": "371ec712-0f30-4a1d-917b-124387b59e4d",
              "parentUUID": "ea7c0c6d-0cf2-46ce-a98e-bb4e31f70bef",
              "isHook": false,
              "skipped": false
            },
            {
              "title": " Preencher email e senha válidos e clicar no botão Sign in",
              "fullTitle": "Validar cenário de login  Preencher email e senha válidos e clicar no botão Sign in",
              "timedOut": null,
              "duration": 1621,
              "state": "passed",
              "speed": "slow",
              "pass": true,
              "fail": false,
              "pending": false,
              "context": null,
              "code": "cy.intercept({\n  method: \"POST\",\n  path: \"/api/users\"\n}, {\n  statusCode: 200,\n  fixture: \"cadastro-com-sucesso\"\n}).as(\"postUsers\");\n_articles.default.criarContaDadosCorreto();",
              "err": {},
              "uuid": "86d855ce-6af8-4254-839c-f103eae9d387",
              "parentUUID": "ea7c0c6d-0cf2-46ce-a98e-bb4e31f70bef",
              "isHook": false,
              "skipped": false
            },
            {
              "title": " Preencher email e senha válidos e pressionar Enter",
              "fullTitle": "Validar cenário de login  Preencher email e senha válidos e pressionar Enter",
              "timedOut": null,
              "duration": 1273,
              "state": "passed",
              "speed": "slow",
              "pass": true,
              "fail": false,
              "pending": false,
              "context": null,
              "code": "cy.intercept({\n  method: \"POST\",\n  path: \"/api/users\"\n}, {\n  statusCode: 200,\n  fixture: \"cadastro-com-sucesso\"\n}).as(\"postUsers\");\n_articles.default.criarContaDadosCorretoConfirmandoComEnter();",
              "err": {},
              "uuid": "4b01fdd5-43cb-41d0-ad53-06000e17f5fe",
              "parentUUID": "ea7c0c6d-0cf2-46ce-a98e-bb4e31f70bef",
              "isHook": false,
              "skipped": false
            }
          ],
          "suites": [],
          "passes": [
            "139e3bb1-efa5-4c3f-b6a3-5bf846cf52b7",
            "44e5389c-a48d-4b48-bc12-a5c4a7884c5d",
            "a6affc8d-2d18-4e23-bf80-b1749257a43f",
            "2875670a-4fb4-4b88-97fa-9e28e116e936",
            "f11d37db-2b84-4fa9-93eb-9745f800a65f",
            "371ec712-0f30-4a1d-917b-124387b59e4d",
            "86d855ce-6af8-4254-839c-f103eae9d387",
            "4b01fdd5-43cb-41d0-ad53-06000e17f5fe"
          ],
          "failures": [],
          "pending": [],
          "skipped": [],
          "duration": 8374,
          "root": false,
          "rootEmpty": false,
          "_timeout": 2000
        }
      ],
      "passes": [],
      "failures": [],
      "pending": [],
      "skipped": [],
      "duration": 0,
      "root": true,
      "rootEmpty": true,
      "_timeout": 2000
    }
  ],
  "meta": {
    "mocha": {
      "version": "7.0.1"
    },
    "mochawesome": {
      "options": {
        "quiet": true,
        "reportFilename": "mochawesome",
        "saveHtml": false,
        "saveJson": true,
        "consoleReporter": "spec",
        "useInlineDiffs": false,
        "code": true
      },
      "version": "7.0.1"
    },
    "marge": {
      "options": {
        "id": "default",
        "reportDir": "mochawesome-report",
        "quiet": true,
        "overwrite": false,
        "html": false,
        "json": true
      },
      "version": "6.0.1"
    }
  }
}