{
  "stats": {
    "suites": 1,
    "tests": 1,
    "passes": 1,
    "pending": 0,
    "failures": 0,
    "start": "2021-12-14T22:21:53.843Z",
    "end": "2021-12-14T22:21:59.946Z",
    "duration": 6103,
    "testsRegistered": 1,
    "passPercent": 100,
    "pendingPercent": 0,
    "other": 0,
    "hasOther": false,
    "skipped": 0,
    "hasSkipped": false
  },
  "results": [
    {
      "uuid": "186b7ab3-43ee-4706-9943-a8036838e798",
      "title": "",
      "fullFile": "cypress/tests/articles.spec.js",
      "file": "cypress/tests/articles.spec.js",
      "beforeHooks": [],
      "afterHooks": [],
      "tests": [],
      "suites": [
        {
          "uuid": "fadea30e-edc0-4517-9727-71e29f201b99",
          "title": "Articles",
          "fullFile": "",
          "file": "",
          "beforeHooks": [],
          "afterHooks": [],
          "tests": [
            {
              "title": "Cadastro de novo artigo com sucesso",
              "fullTitle": "Articles Cadastro de novo artigo com sucesso",
              "timedOut": null,
              "duration": 5940,
              "state": "passed",
              "speed": "slow",
              "pass": true,
              "fail": false,
              "pending": false,
              "context": null,
              "code": "_articles.default.acessarFormulatrio();\n_articles.default.preencherFormulario();\n_articles.default.enviarFormulario();\n_articles.default.verificarFormularioFoiCriado();",
              "err": {},
              "uuid": "697e2fcc-5087-48d3-8940-dcca8560760a",
              "parentUUID": "fadea30e-edc0-4517-9727-71e29f201b99",
              "isHook": false,
              "skipped": false
            }
          ],
          "suites": [],
          "passes": [
            "697e2fcc-5087-48d3-8940-dcca8560760a"
          ],
          "failures": [],
          "pending": [],
          "skipped": [],
          "duration": 5940,
          "root": false,
          "rootEmpty": false,
          "_timeout": 2000
        }
      ],
      "passes": [],
      "failures": [],
      "pending": [],
      "skipped": [],
      "duration": 0,
      "root": true,
      "rootEmpty": true,
      "_timeout": 2000
    }
  ],
  "meta": {
    "mocha": {
      "version": "7.0.1"
    },
    "mochawesome": {
      "options": {
        "quiet": true,
        "reportFilename": "mochawesome",
        "saveHtml": false,
        "saveJson": true,
        "consoleReporter": "spec",
        "useInlineDiffs": false,
        "code": true
      },
      "version": "7.0.1"
    },
    "marge": {
      "options": {
        "id": "default",
        "reportDir": "mochawesome-report",
        "quiet": true,
        "overwrite": false,
        "html": false,
        "json": true
      },
      "version": "6.0.1"
    }
  }
}