{
  "stats": {
    "suites": 1,
    "tests": 1,
    "passes": 1,
    "pending": 0,
    "failures": 0,
    "start": "2022-04-01T01:34:18.062Z",
    "end": "2022-04-01T01:34:19.156Z",
    "duration": 1094,
    "testsRegistered": 1,
    "passPercent": 100,
    "pendingPercent": 0,
    "other": 0,
    "hasOther": false,
    "skipped": 0,
    "hasSkipped": false
  },
  "results": [
    {
      "uuid": "8a5146ff-9ba8-4df4-b7fc-70f85abd04ab",
      "title": "",
      "fullFile": "cypress/tests/ui-cadastro.spec.js",
      "file": "cypress/tests/ui-cadastro.spec.js",
      "beforeHooks": [],
      "afterHooks": [],
      "tests": [],
      "suites": [
        {
          "uuid": "a45ec16e-83ea-43da-b6a0-b64852539bf8",
          "title": "Validar cenário de login",
          "fullFile": "",
          "file": "",
          "beforeHooks": [],
          "afterHooks": [],
          "tests": [
            {
              "title": "Clicar no botão Sign in com os campos vazios",
              "fullTitle": "Validar cenário de login Clicar no botão Sign in com os campos vazios",
              "timedOut": null,
              "duration": 1074,
              "state": "passed",
              "speed": "slow",
              "pass": true,
              "fail": false,
              "pending": false,
              "context": null,
              "code": "cy.intercept({\n  method: \"POST\",\n  path: \"/api/users\"\n}, {\n  statusCode: 422,\n  fixture: \"cadastro-usuario-sem-dados\"\n}).as(\"postUsers\");\n_articles.default.tentarCriarContaComDadosVazio;",
              "err": {},
              "uuid": "eca9a835-031e-4eab-aea2-2f3f12350329",
              "parentUUID": "a45ec16e-83ea-43da-b6a0-b64852539bf8",
              "isHook": false,
              "skipped": false
            }
          ],
          "suites": [],
          "passes": [
            "eca9a835-031e-4eab-aea2-2f3f12350329"
          ],
          "failures": [],
          "pending": [],
          "skipped": [],
          "duration": 1074,
          "root": false,
          "rootEmpty": false,
          "_timeout": 2000
        }
      ],
      "passes": [],
      "failures": [],
      "pending": [],
      "skipped": [],
      "duration": 0,
      "root": true,
      "rootEmpty": true,
      "_timeout": 2000
    }
  ],
  "meta": {
    "mocha": {
      "version": "7.0.1"
    },
    "mochawesome": {
      "options": {
        "quiet": true,
        "reportFilename": "mochawesome",
        "saveHtml": false,
        "saveJson": true,
        "consoleReporter": "spec",
        "useInlineDiffs": false,
        "code": true
      },
      "version": "7.0.1"
    },
    "marge": {
      "options": {
        "id": "default",
        "reportDir": "mochawesome-report",
        "quiet": true,
        "overwrite": false,
        "html": false,
        "json": true
      },
      "version": "6.0.1"
    }
  }
}