{
  "stats": {
    "suites": 1,
    "tests": 1,
    "passes": 1,
    "pending": 0,
    "failures": 0,
    "start": "2021-12-14T22:23:11.924Z",
    "end": "2021-12-14T22:23:17.768Z",
    "duration": 5844,
    "testsRegistered": 1,
    "passPercent": 100,
    "pendingPercent": 0,
    "other": 0,
    "hasOther": false,
    "skipped": 0,
    "hasSkipped": false
  },
  "results": [
    {
      "uuid": "e663d290-58ed-41b4-81ee-9621a7018f11",
      "title": "",
      "fullFile": "cypress/tests/articles.spec.js",
      "file": "cypress/tests/articles.spec.js",
      "beforeHooks": [],
      "afterHooks": [],
      "tests": [],
      "suites": [
        {
          "uuid": "edc7eaac-ef00-4604-95ce-2a064ea57bba",
          "title": "Articles",
          "fullFile": "",
          "file": "",
          "beforeHooks": [],
          "afterHooks": [],
          "tests": [
            {
              "title": "Cadastro de novo artigo com sucesso",
              "fullTitle": "Articles Cadastro de novo artigo com sucesso",
              "timedOut": null,
              "duration": 5761,
              "state": "passed",
              "speed": "slow",
              "pass": true,
              "fail": false,
              "pending": false,
              "context": null,
              "code": "_articles.default.acessarFormulatrio();\n_articles.default.preencherFormulario();\n_articles.default.enviarFormulario();\n_articles.default.verificarFormularioFoiCriado();",
              "err": {},
              "uuid": "2b4e3710-b515-4d88-bee8-8bf3b61a805b",
              "parentUUID": "edc7eaac-ef00-4604-95ce-2a064ea57bba",
              "isHook": false,
              "skipped": false
            }
          ],
          "suites": [],
          "passes": [
            "2b4e3710-b515-4d88-bee8-8bf3b61a805b"
          ],
          "failures": [],
          "pending": [],
          "skipped": [],
          "duration": 5761,
          "root": false,
          "rootEmpty": false,
          "_timeout": 2000
        }
      ],
      "passes": [],
      "failures": [],
      "pending": [],
      "skipped": [],
      "duration": 0,
      "root": true,
      "rootEmpty": true,
      "_timeout": 2000
    }
  ],
  "meta": {
    "mocha": {
      "version": "7.0.1"
    },
    "mochawesome": {
      "options": {
        "quiet": true,
        "reportFilename": "mochawesome",
        "saveHtml": false,
        "saveJson": true,
        "consoleReporter": "spec",
        "useInlineDiffs": false,
        "code": true
      },
      "version": "7.0.1"
    },
    "marge": {
      "options": {
        "id": "default",
        "reportDir": "mochawesome-report",
        "quiet": true,
        "overwrite": false,
        "html": false,
        "json": true
      },
      "version": "6.0.1"
    }
  }
}